[2022-06-12T10:40:25.723232+00:00] name.DEBUG: PDF generated in 0.072485 seconds {"context":"statistics"} []
[2022-06-12T10:40:25.746037+00:00] name.DEBUG: Compiled in 0.095493 seconds {"context":"statistics"} []
[2022-06-12T10:40:25.746182+00:00] name.DEBUG: Peak Memory usage 28.00 MB {"context":"statistics"} []
[2022-06-12T10:40:25.746219+00:00] name.DEBUG: PDF file size 14 kB {"context":"statistics"} []
[2022-06-12T10:40:25.746245+00:00] name.DEBUG: 2 fonts used {"context":"statistics"} []
[2022-06-12T10:41:05.575498+00:00] name.DEBUG: PDF generated in 0.004783 seconds {"context":"statistics"} []
[2022-06-12T10:41:05.588608+00:00] name.DEBUG: Compiled in 0.017941 seconds {"context":"statistics"} []
[2022-06-12T10:41:05.588771+00:00] name.DEBUG: Peak Memory usage 8.00 MB {"context":"statistics"} []
[2022-06-12T10:41:05.588810+00:00] name.DEBUG: PDF file size 14 kB {"context":"statistics"} []
[2022-06-12T10:41:05.588836+00:00] name.DEBUG: 2 fonts used {"context":"statistics"} []
[2022-06-12T10:41:18.031559+00:00] name.DEBUG: PDF generated in 0.005833 seconds {"context":"statistics"} []
[2022-06-12T10:41:18.040678+00:00] name.DEBUG: Compiled in 0.015019 seconds {"context":"statistics"} []
[2022-06-12T10:41:18.040823+00:00] name.DEBUG: Peak Memory usage 6.00 MB {"context":"statistics"} []
[2022-06-12T10:41:18.040856+00:00] name.DEBUG: PDF file size 14 kB {"context":"statistics"} []
[2022-06-12T10:41:18.040881+00:00] name.DEBUG: 2 fonts used {"context":"statistics"} []
[2022-06-12T10:41:37.067181+00:00] name.DEBUG: PDF generated in 0.014062 seconds {"context":"statistics"} []
[2022-06-12T10:41:37.089342+00:00] name.DEBUG: Compiled in 0.036276 seconds {"context":"statistics"} []
[2022-06-12T10:41:37.089517+00:00] name.DEBUG: Peak Memory usage 6.00 MB {"context":"statistics"} []
[2022-06-12T10:41:37.089554+00:00] name.DEBUG: PDF file size 14 kB {"context":"statistics"} []
[2022-06-12T10:41:37.089580+00:00] name.DEBUG: 2 fonts used {"context":"statistics"} []
[2022-06-12T10:45:07.748635+00:00] name.DEBUG: PDF generated in 0.015158 seconds {"context":"statistics"} []
[2022-06-12T10:45:07.761802+00:00] name.DEBUG: Compiled in 0.028382 seconds {"context":"statistics"} []
[2022-06-12T10:45:07.761999+00:00] name.DEBUG: Peak Memory usage 6.00 MB {"context":"statistics"} []
[2022-06-12T10:45:07.762038+00:00] name.DEBUG: PDF file size 15 kB {"context":"statistics"} []
[2022-06-12T10:45:07.762066+00:00] name.DEBUG: 2 fonts used {"context":"statistics"} []
[2022-06-12T10:45:48.206630+00:00] name.DEBUG: PDF generated in 0.015761 seconds {"context":"statistics"} []
[2022-06-12T10:45:48.227350+00:00] name.DEBUG: Compiled in 0.036534 seconds {"context":"statistics"} []
[2022-06-12T10:45:48.227479+00:00] name.DEBUG: Peak Memory usage 6.00 MB {"context":"statistics"} []
[2022-06-12T10:45:48.227506+00:00] name.DEBUG: PDF file size 28 kB {"context":"statistics"} []
[2022-06-12T10:45:48.227523+00:00] name.DEBUG: 2 fonts used {"context":"statistics"} []
[2022-06-12T10:46:05.368843+00:00] name.DEBUG: PDF generated in 0.018302 seconds {"context":"statistics"} []
[2022-06-12T10:46:05.412192+00:00] name.DEBUG: Compiled in 0.061739 seconds {"context":"statistics"} []
[2022-06-12T10:46:05.412358+00:00] name.DEBUG: Peak Memory usage 6.00 MB {"context":"statistics"} []
[2022-06-12T10:46:05.412400+00:00] name.DEBUG: PDF file size 28 kB {"context":"statistics"} []
[2022-06-12T10:46:05.412425+00:00] name.DEBUG: 2 fonts used {"context":"statistics"} []
[2022-06-12T10:46:56.567033+00:00] name.DEBUG: PDF generated in 0.007919 seconds {"context":"statistics"} []
[2022-06-12T10:46:56.584483+00:00] name.DEBUG: Compiled in 0.025411 seconds {"context":"statistics"} []
[2022-06-12T10:46:56.584675+00:00] name.DEBUG: Peak Memory usage 6.00 MB {"context":"statistics"} []
[2022-06-12T10:46:56.584717+00:00] name.DEBUG: PDF file size 28 kB {"context":"statistics"} []
[2022-06-12T10:46:56.584739+00:00] name.DEBUG: 2 fonts used {"context":"statistics"} []
[2022-06-12T10:47:22.193930+00:00] name.DEBUG: PDF generated in 0.029617 seconds {"context":"statistics"} []
[2022-06-12T10:47:22.222368+00:00] name.DEBUG: Compiled in 0.058782 seconds {"context":"statistics"} []
[2022-06-12T10:47:22.222556+00:00] name.DEBUG: Peak Memory usage 6.00 MB {"context":"statistics"} []
[2022-06-12T10:47:22.222591+00:00] name.DEBUG: PDF file size 28 kB {"context":"statistics"} []
[2022-06-12T10:47:22.222615+00:00] name.DEBUG: 2 fonts used {"context":"statistics"} []
[2022-06-12T10:49:09.827429+00:00] name.DEBUG: PDF generated in 0.021691 seconds {"context":"statistics"} []
[2022-06-12T10:49:09.846837+00:00] name.DEBUG: Compiled in 0.041273 seconds {"context":"statistics"} []
[2022-06-12T10:49:09.846965+00:00] name.DEBUG: Peak Memory usage 6.00 MB {"context":"statistics"} []
[2022-06-12T10:49:09.846992+00:00] name.DEBUG: PDF file size 28 kB {"context":"statistics"} []
[2022-06-12T10:49:09.847008+00:00] name.DEBUG: 2 fonts used {"context":"statistics"} []
[2022-06-12T10:49:33.673084+00:00] name.DEBUG: PDF generated in 0.035110 seconds {"context":"statistics"} []
[2022-06-12T10:49:33.699553+00:00] name.DEBUG: Compiled in 0.061652 seconds {"context":"statistics"} []
[2022-06-12T10:49:33.699728+00:00] name.DEBUG: Peak Memory usage 6.00 MB {"context":"statistics"} []
[2022-06-12T10:49:33.699763+00:00] name.DEBUG: PDF file size 28 kB {"context":"statistics"} []
[2022-06-12T10:49:33.699790+00:00] name.DEBUG: 2 fonts used {"context":"statistics"} []
[2022-06-12T10:50:13.156225+00:00] name.DEBUG: PDF generated in 0.020157 seconds {"context":"statistics"} []
[2022-06-12T10:50:13.177907+00:00] name.DEBUG: Compiled in 0.041904 seconds {"context":"statistics"} []
[2022-06-12T10:50:13.178070+00:00] name.DEBUG: Peak Memory usage 6.00 MB {"context":"statistics"} []
[2022-06-12T10:50:13.178106+00:00] name.DEBUG: PDF file size 28 kB {"context":"statistics"} []
[2022-06-12T10:50:13.178129+00:00] name.DEBUG: 2 fonts used {"context":"statistics"} []
[2022-06-12T10:50:51.377796+00:00] name.DEBUG: PDF generated in 0.031825 seconds {"context":"statistics"} []
[2022-06-12T10:50:51.413002+00:00] name.DEBUG: Compiled in 0.067091 seconds {"context":"statistics"} []
[2022-06-12T10:50:51.413165+00:00] name.DEBUG: Peak Memory usage 6.00 MB {"context":"statistics"} []
[2022-06-12T10:50:51.413210+00:00] name.DEBUG: PDF file size 28 kB {"context":"statistics"} []
[2022-06-12T10:50:51.413236+00:00] name.DEBUG: 2 fonts used {"context":"statistics"} []
[2022-06-12T10:51:06.894896+00:00] name.DEBUG: PDF generated in 0.020026 seconds {"context":"statistics"} []
[2022-06-12T10:51:06.916165+00:00] name.DEBUG: Compiled in 0.041335 seconds {"context":"statistics"} []
[2022-06-12T10:51:06.916330+00:00] name.DEBUG: Peak Memory usage 6.00 MB {"context":"statistics"} []
[2022-06-12T10:51:06.916357+00:00] name.DEBUG: PDF file size 28 kB {"context":"statistics"} []
[2022-06-12T10:51:06.916374+00:00] name.DEBUG: 2 fonts used {"context":"statistics"} []
[2022-06-12T10:51:30.358606+00:00] name.DEBUG: PDF generated in 0.030520 seconds {"context":"statistics"} []
[2022-06-12T10:51:30.384992+00:00] name.DEBUG: Compiled in 0.057050 seconds {"context":"statistics"} []
[2022-06-12T10:51:30.385232+00:00] name.DEBUG: Peak Memory usage 6.00 MB {"context":"statistics"} []
[2022-06-12T10:51:30.385275+00:00] name.DEBUG: PDF file size 28 kB {"context":"statistics"} []
[2022-06-12T10:51:30.385302+00:00] name.DEBUG: 2 fonts used {"context":"statistics"} []
[2022-06-12T10:52:30.888295+00:00] name.DEBUG: PDF generated in 0.018875 seconds {"context":"statistics"} []
[2022-06-12T10:52:30.909427+00:00] name.DEBUG: Compiled in 0.040055 seconds {"context":"statistics"} []
[2022-06-12T10:52:30.909578+00:00] name.DEBUG: Peak Memory usage 6.00 MB {"context":"statistics"} []
[2022-06-12T10:52:30.909627+00:00] name.DEBUG: PDF file size 28 kB {"context":"statistics"} []
[2022-06-12T10:52:30.909657+00:00] name.DEBUG: 2 fonts used {"context":"statistics"} []
[2022-06-12T10:52:40.577841+00:00] name.DEBUG: PDF generated in 0.028727 seconds {"context":"statistics"} []
[2022-06-12T10:52:40.605488+00:00] name.DEBUG: Compiled in 0.056516 seconds {"context":"statistics"} []
[2022-06-12T10:52:40.605693+00:00] name.DEBUG: Peak Memory usage 6.00 MB {"context":"statistics"} []
[2022-06-12T10:52:40.605887+00:00] name.DEBUG: PDF file size 28 kB {"context":"statistics"} []
[2022-06-12T10:52:40.605925+00:00] name.DEBUG: 2 fonts used {"context":"statistics"} []
[2022-06-12T10:53:17.529896+00:00] name.DEBUG: PDF generated in 0.029177 seconds {"context":"statistics"} []
[2022-06-12T10:53:17.549384+00:00] name.DEBUG: Compiled in 0.048710 seconds {"context":"statistics"} []
[2022-06-12T10:53:17.549678+00:00] name.DEBUG: Peak Memory usage 6.00 MB {"context":"statistics"} []
[2022-06-12T10:53:17.549880+00:00] name.DEBUG: PDF file size 28 kB {"context":"statistics"} []
[2022-06-12T10:53:17.550072+00:00] name.DEBUG: 2 fonts used {"context":"statistics"} []
[2022-06-12T10:53:46.911592+00:00] name.DEBUG: PDF generated in 0.041642 seconds {"context":"statistics"} []
[2022-06-12T10:53:46.940971+00:00] name.DEBUG: Compiled in 0.071090 seconds {"context":"statistics"} []
[2022-06-12T10:53:46.941143+00:00] name.DEBUG: Peak Memory usage 6.00 MB {"context":"statistics"} []
[2022-06-12T10:53:46.941182+00:00] name.DEBUG: PDF file size 28 kB {"context":"statistics"} []
[2022-06-12T10:53:46.941209+00:00] name.DEBUG: 2 fonts used {"context":"statistics"} []
[2022-06-12T10:53:59.966487+00:00] name.DEBUG: PDF generated in 0.022556 seconds {"context":"statistics"} []
[2022-06-12T10:53:59.985932+00:00] name.DEBUG: Compiled in 0.042029 seconds {"context":"statistics"} []
[2022-06-12T10:53:59.986138+00:00] name.DEBUG: Peak Memory usage 6.00 MB {"context":"statistics"} []
[2022-06-12T10:53:59.986167+00:00] name.DEBUG: PDF file size 29 kB {"context":"statistics"} []
[2022-06-12T10:53:59.986184+00:00] name.DEBUG: 2 fonts used {"context":"statistics"} []
[2022-06-12T10:55:11.478338+00:00] name.DEBUG: PDF generated in 0.028842 seconds {"context":"statistics"} []
[2022-06-12T10:55:11.500059+00:00] name.DEBUG: Compiled in 0.050621 seconds {"context":"statistics"} []
[2022-06-12T10:55:11.500231+00:00] name.DEBUG: Peak Memory usage 6.00 MB {"context":"statistics"} []
[2022-06-12T10:55:11.500275+00:00] name.DEBUG: PDF file size 29 kB {"context":"statistics"} []
[2022-06-12T10:55:11.500302+00:00] name.DEBUG: 2 fonts used {"context":"statistics"} []
[2022-06-12T10:55:38.554405+00:00] name.DEBUG: PDF generated in 0.027002 seconds {"context":"statistics"} []
[2022-06-12T10:55:38.578076+00:00] name.DEBUG: Compiled in 0.050741 seconds {"context":"statistics"} []
[2022-06-12T10:55:38.578240+00:00] name.DEBUG: Peak Memory usage 6.00 MB {"context":"statistics"} []
[2022-06-12T10:55:38.578278+00:00] name.DEBUG: PDF file size 29 kB {"context":"statistics"} []
[2022-06-12T10:55:38.578306+00:00] name.DEBUG: 2 fonts used {"context":"statistics"} []
[2022-06-12T10:56:04.109946+00:00] name.DEBUG: PDF generated in 0.035020 seconds {"context":"statistics"} []
[2022-06-12T10:56:04.139103+00:00] name.DEBUG: Compiled in 0.064295 seconds {"context":"statistics"} []
[2022-06-12T10:56:04.139233+00:00] name.DEBUG: Peak Memory usage 6.00 MB {"context":"statistics"} []
[2022-06-12T10:56:04.139262+00:00] name.DEBUG: PDF file size 43 kB {"context":"statistics"} []
[2022-06-12T10:56:04.139279+00:00] name.DEBUG: 3 fonts used {"context":"statistics"} []
[2022-06-12T10:58:18.558831+00:00] name.DEBUG: PDF generated in 0.020242 seconds {"context":"statistics"} []
[2022-06-12T10:58:18.586975+00:00] name.DEBUG: Compiled in 0.048442 seconds {"context":"statistics"} []
[2022-06-12T10:58:18.587105+00:00] name.DEBUG: Peak Memory usage 6.00 MB {"context":"statistics"} []
[2022-06-12T10:58:18.587133+00:00] name.DEBUG: PDF file size 43 kB {"context":"statistics"} []
[2022-06-12T10:58:18.587150+00:00] name.DEBUG: 3 fonts used {"context":"statistics"} []
[2022-06-12T10:58:37.666244+00:00] name.DEBUG: PDF generated in 0.031187 seconds {"context":"statistics"} []
[2022-06-12T10:58:37.692619+00:00] name.DEBUG: Compiled in 0.057635 seconds {"context":"statistics"} []
[2022-06-12T10:58:37.692752+00:00] name.DEBUG: Peak Memory usage 6.00 MB {"context":"statistics"} []
[2022-06-12T10:58:37.692784+00:00] name.DEBUG: PDF file size 43 kB {"context":"statistics"} []
[2022-06-12T10:58:37.692829+00:00] name.DEBUG: 3 fonts used {"context":"statistics"} []
[2022-06-12T10:59:16.070908+00:00] name.DEBUG: PDF generated in 0.076933 seconds {"context":"statistics"} []
[2022-06-12T10:59:16.133411+00:00] name.DEBUG: Compiled in 0.139511 seconds {"context":"statistics"} []
[2022-06-12T10:59:16.133575+00:00] name.DEBUG: Peak Memory usage 6.00 MB {"context":"statistics"} []
[2022-06-12T10:59:16.133613+00:00] name.DEBUG: PDF file size 43 kB {"context":"statistics"} []
[2022-06-12T10:59:16.133640+00:00] name.DEBUG: 3 fonts used {"context":"statistics"} []
[2022-06-12T10:59:44.141004+00:00] name.DEBUG: PDF generated in 0.014079 seconds {"context":"statistics"} []
[2022-06-12T10:59:44.167905+00:00] name.DEBUG: Compiled in 0.041024 seconds {"context":"statistics"} []
[2022-06-12T10:59:44.168035+00:00] name.DEBUG: Peak Memory usage 6.00 MB {"context":"statistics"} []
[2022-06-12T10:59:44.168064+00:00] name.DEBUG: PDF file size 42 kB {"context":"statistics"} []
[2022-06-12T10:59:44.168082+00:00] name.DEBUG: 3 fonts used {"context":"statistics"} []
